<soapenv:Envelope xmlns:soapenv="http://schemas.xmlsoap.org/soap/envelope/"
                  xmlns:gs="http://example.com/serverOne">
    <soapenv:Header/>
    <soapenv:Body>
        <gs:deleteUserRequestUser>
            <gs:id>2</gs:id>
        </gs:deleteUserRequestUser>
    </soapenv:Body>
</soapenv:Envelope>